building the system configuration...
warning: Git tree '/home/bash/dev-env' is dirty
evaluation warning: 'system' has been renamed to/replaced by 'stdenv.hostPlatform.system'
these 60 derivations will be built:
  /nix/store/qiylwr5axyg0bjk2rgspplcslb4alrns-nvidia-x11-595.58.03-6.18.20.drv
  /nix/store/7v99zwmk83sykscm2y9p27jcq832ar2g-graphics-drivers-32bit.drv
  /nix/store/bf0xn29sv55w1a110y4bgw3xsbh8fvds-graphics-drivers.drv
  /nix/store/0z6v4mdbl6l0rw6i8l32xkdxy1lm7drc-graphics-driver.conf.drv
  /nix/store/v2ls8lai1620cjrxbiivs4is6jf1v2cd-nvidia-persistenced-595.58.03.drv
  /nix/store/1f5j5nga9a4d7y25flffnrjgnjlzcsij-unit-nvidia-persistenced.service.drv
  /nix/store/awk8s9rrx6lvqdx47sylp3yckpi306la-config.drv
  /nix/store/wz4cy8askrr28qd4pbkk5s6rqx40in2n-lf.drv
  /nix/store/2bddfr59qnyywi60559bjcgb46hj4g7z-lf.drv
  /nix/store/480kv8xqvy9yyavqvlz7swc9dljykdr1-noctalia-shell.drv
  /nix/store/w9bbg84p5dw8ymnzr14y556lxah7a85q-noctalia-shell.drv
  /nix/store/rfws9pdkl2qzjyl29pgmdsaywh6x43ah-start-noctalia-shell.drv
  /nix/store/jc3al8b7i7f8psq91kjv89iz7x1cahnv-niri.kdl.drv
  /nix/store/f380b8bz3q88xdyjrdgf7s3wvzrrqbwl-niri.drv
  /nix/store/bpi0fm3q00ah18hc1z3rn6lsywkwd7s0-niri.drv
  /nix/store/4vh9rw54la1x4y2skhwgqllwngmcd6vn-obsidian-1.12.7.drv
  /nix/store/6bpiha39bpj1fadh75zvzy98nvf133b1-osu-lazer-2026.401.0.drv
  /nix/store/mwsbx2lvpnyh363a3ms75l19abz8ymjg-via-3.0.0-fhsenv-rootfs.drv
  /nix/store/dfx6k4p6mfn0gaypif33ymjb6f3bi6ly-via-3.0.0-bwrap.drv
  /nix/store/8zj20x8r04lx9308fcsl0fm409ikll07-via-3.0.0.drv
  /nix/store/zsyhavxvjhsa2s17zk5dlmirhj9yhl0s-zsh.drv
  /nix/store/5ifc277h9jk37c38j5nk2gikjbrisgnx-zsh.drv
  /nix/store/85z2wvfs7bkamlib7fcva524sb78rgl1-zsh.drv
  /nix/store/aqrd6l367hc3pm1x7pq3cvk2163y7z61-zsh.drv
  /nix/store/h51hdn3vlh6x9l098vvny9lqb1cvgpp8-nvidia-settings-595.58.03.drv
  /nix/store/nl9rbxbr16ywj2zks57w9j6d8l322zwz-dump-noctalia-shell.drv
  /nix/store/sa9byzll3baiyfjb2isgdid1c30c3rfm-noctalia-bundle.drv
  /nix/store/l7fz9xf75v8n7yyd1c7yycmfn53kvirr-system-path.drv
  /nix/store/5189kis5d0msnjah0w2kl6yc6b03cjlg-dbus-1.drv
  /nix/store/7jlvaansack130k7p9v24vgg1snbdc0b-X-Restart-Triggers-dbus.drv
  /nix/store/dm442yx14rp2p686qc79gnhfnc6gq0zd-unit-dbus.service.drv
  /nix/store/2xn5da7ll5j1k1macqab66abizv79mwz-user-units.drv
  /nix/store/382h1szzm07nh0gfk0nq22ijfjcgw4w7-tmpfiles.d.drv
  /nix/store/3hyw55p6nx86ydzxmc4hrzib39yc3465-firmware.drv
  /nix/store/5klm9ayyf1xiqn3f77bvsl7zkw83l8mq-etc-modprobe.d-firmware.conf.drv
  /nix/store/irq6nwib8pvc5jz8sn9wzgczqhibk6si-desktops.drv
  /nix/store/n6hvmynxj785jrkdbn8hf7c05fyzns83-set-environment.drv
  /nix/store/7q5x9vzk2cjdn537ci1hg38sjl9s361j-etc-zshenv.drv
  /nix/store/diyzvkdmjc6kwmqygnilpc9nmrhr2fpl-system-generators.drv
  /nix/store/dlc8lj1p33ilki676a4m3dhb5fz932h7-system-shutdown.drv
  /nix/store/dmnynz6kyzma1d023fsym3ns8fn5d9xk-hwdb.bin.drv
  /nix/store/izakb82kdbxmfai6vw9zs03rzphgilaa-udev-rules.drv
  /nix/store/jny9bc1yxci70rc1r2kvdrs3235kn14k-etc-profile.drv
  /nix/store/jy8ds8kkapsalyrlfcias0wq3q04r9jh-user-generators.drv
  /nix/store/fi8b520c8kkc0lm8b3q5fgn77m7am7vy-X-Restart-Triggers-systemd-tmpfiles-resetup.drv
  /nix/store/76yypkcm0ran4hmvgpv0m3n34mwflna8-unit-systemd-tmpfiles-resetup.service.drv
  /nix/store/hxqfmq8rgzvjkjvv16fd7f39czxr14wh-X-Restart-Triggers-polkit.drv
  /nix/store/f617ic85y7ic9ivwcl4i08wc8ah348q8-unit-polkit.service.drv
  /nix/store/ybq37203lw6bg90cjv657gw0i0g4z8jc-X-Restart-Triggers-systemd-udevd.drv
  /nix/store/m1m47snzv20mpjnmcyv85ml3zjl7zzqw-unit-systemd-udevd.service.drv
  /nix/store/mdqc4i0zqa181105jrzilz82chz8yjjp-unit-dbus.service.drv
  /nix/store/kqwmjzn6b9zrik2mqqyrpr8i018r9hhm-system-units.drv
  /nix/store/ni6yr61cw7cby0mb1vccrl9krcsw3d3m-etc-pam-environment.drv
  /nix/store/s09km740nhs01gwlrjsma9wf80bkf6ch-etc.drv
  /nix/store/j4dy3b4dayqzagi92a775920y7ww42lx-linux-6.18.20-modules-shrunk.drv
  /nix/store/rm8kg3dqxlmr8sbyncwwdc29dvszbj8y-closure-info.drv
  /nix/store/s1mw43fgbl346gpx1xd6rhnl1i06ad2j-initrd-linux-6.18.20.drv
  /nix/store/s1bvpy2bay8mpyhlpr1iml722107l4ky-boot.json.drv
  /nix/store/zw9zgn70xlkrfayxb5jg52czx9vj15x0-activate.drv
  /nix/store/3c7rvvgwddnfvyj83hxp2nlpbwinw4sy-nixos-system-nixos-26.05.20260401.6201e20.drv
these 12 paths will be fetched (27.73 MiB download, 115.59 MiB unpacked):
  /nix/store/8az637s9c359ffqabgysla3zllavk3bc-SDL2_image-2.8.8
  /nix/store/7k518zhin2mfg5hgmv0acml8zjfxg51h-SDL2_mixer-2.8.1
  /nix/store/0h31prmd6vw2s6di3mhmgxf2ik7z00z4-SDL2_ttf-2.24.0
  /nix/store/xlli1a8m35h5kwavjajnp6nl90xmjgcx-cargo-1.94.0
  /nix/store/6c4vbv785rfd7dyrg2i4ygzwf9wswms7-ctpv-1.1
  /nix/store/p8ir1vjmmny2mqvxm6sd2nq32cvrn3kc-ffmpeg-7.1.3-lib
  /nix/store/7dbsj28w2vc1p8yzxc94p9sssjqiibb7-ffmpeg-8.0.1-bin
  /nix/store/lpci6w4sbns8i4a2pb9in18cl9nwdzwa-firefox-149.0
  /nix/store/fp3dx4881s7cfq7485na33fgy9i18mn0-noctalia-shell-4.7.1
  /nix/store/cjaxqc6vmbav00y4brnsm4h9dm1s4xli-sdl2-compat-2.32.64
  /nix/store/0czrr6wqknkc0y2x55cy4yz3hw57njkk-sdl3-3.4.2-lib
  /nix/store/zcf2i5b3slql2zvryxb03bi078y0p7bv-speech-dispatcher-0.12.1
copying path '/nix/store/xlli1a8m35h5kwavjajnp6nl90xmjgcx-cargo-1.94.0' from 'https://cache.nixos.org'...
copying path '/nix/store/zcf2i5b3slql2zvryxb03bi078y0p7bv-speech-dispatcher-0.12.1' from 'https://cache.nixos.org'...
copying path '/nix/store/0czrr6wqknkc0y2x55cy4yz3hw57njkk-sdl3-3.4.2-lib' from 'https://cache.nixos.org'...
building '/nix/store/qiylwr5axyg0bjk2rgspplcslb4alrns-nvidia-x11-595.58.03-6.18.20.drv'...
building '/nix/store/4vh9rw54la1x4y2skhwgqllwngmcd6vn-obsidian-1.12.7.drv'...
copying path '/nix/store/fp3dx4881s7cfq7485na33fgy9i18mn0-noctalia-shell-4.7.1' from 'https://cache.nixos.org'...
copying path '/nix/store/cjaxqc6vmbav00y4brnsm4h9dm1s4xli-sdl2-compat-2.32.64' from 'https://cache.nixos.org'...
building '/nix/store/480kv8xqvy9yyavqvlz7swc9dljykdr1-noctalia-shell.drv'...
copying path '/nix/store/8az637s9c359ffqabgysla3zllavk3bc-SDL2_image-2.8.8' from 'https://cache.nixos.org'...
copying path '/nix/store/7k518zhin2mfg5hgmv0acml8zjfxg51h-SDL2_mixer-2.8.1' from 'https://cache.nixos.org'...
copying path '/nix/store/0h31prmd6vw2s6di3mhmgxf2ik7z00z4-SDL2_ttf-2.24.0' from 'https://cache.nixos.org'...
copying path '/nix/store/p8ir1vjmmny2mqvxm6sd2nq32cvrn3kc-ffmpeg-7.1.3-lib' from 'https://cache.nixos.org'...
copying path '/nix/store/7dbsj28w2vc1p8yzxc94p9sssjqiibb7-ffmpeg-8.0.1-bin' from 'https://cache.nixos.org'...
building '/nix/store/6bpiha39bpj1fadh75zvzy98nvf133b1-osu-lazer-2026.401.0.drv'...
building '/nix/store/w9bbg84p5dw8ymnzr14y556lxah7a85q-noctalia-shell.drv'...
building '/nix/store/nl9rbxbr16ywj2zks57w9j6d8l322zwz-dump-noctalia-shell.drv'...
building '/nix/store/rfws9pdkl2qzjyl29pgmdsaywh6x43ah-start-noctalia-shell.drv'...
copying path '/nix/store/6c4vbv785rfd7dyrg2i4ygzwf9wswms7-ctpv-1.1' from 'https://cache.nixos.org'...
building '/nix/store/jc3al8b7i7f8psq91kjv89iz7x1cahnv-niri.kdl.drv'...
building '/nix/store/sa9byzll3baiyfjb2isgdid1c30c3rfm-noctalia-bundle.drv'...
building '/nix/store/mwsbx2lvpnyh363a3ms75l19abz8ymjg-via-3.0.0-fhsenv-rootfs.drv'...
building '/nix/store/awk8s9rrx6lvqdx47sylp3yckpi306la-config.drv'...
building '/nix/store/f380b8bz3q88xdyjrdgf7s3wvzrrqbwl-niri.drv'...
building '/nix/store/wz4cy8askrr28qd4pbkk5s6rqx40in2n-lf.drv'...
building '/nix/store/bpi0fm3q00ah18hc1z3rn6lsywkwd7s0-niri.drv'...
building '/nix/store/2bddfr59qnyywi60559bjcgb46hj4g7z-lf.drv'...
building '/nix/store/irq6nwib8pvc5jz8sn9wzgczqhibk6si-desktops.drv'...
building '/nix/store/diyzvkdmjc6kwmqygnilpc9nmrhr2fpl-system-generators.drv'...
building '/nix/store/dlc8lj1p33ilki676a4m3dhb5fz932h7-system-shutdown.drv'...
building '/nix/store/jy8ds8kkapsalyrlfcias0wq3q04r9jh-user-generators.drv'...
building '/nix/store/ni6yr61cw7cby0mb1vccrl9krcsw3d3m-etc-pam-environment.drv'...
building '/nix/store/n6hvmynxj785jrkdbn8hf7c05fyzns83-set-environment.drv'...
building '/nix/store/zsyhavxvjhsa2s17zk5dlmirhj9yhl0s-zsh.drv'...
building '/nix/store/jny9bc1yxci70rc1r2kvdrs3235kn14k-etc-profile.drv'...
building '/nix/store/7q5x9vzk2cjdn537ci1hg38sjl9s361j-etc-zshenv.drv'...
building '/nix/store/5ifc277h9jk37c38j5nk2gikjbrisgnx-zsh.drv'...
building '/nix/store/85z2wvfs7bkamlib7fcva524sb78rgl1-zsh.drv'...
building '/nix/store/aqrd6l367hc3pm1x7pq3cvk2163y7z61-zsh.drv'...
building '/nix/store/dfx6k4p6mfn0gaypif33ymjb6f3bi6ly-via-3.0.0-bwrap.drv'...
copying path '/nix/store/lpci6w4sbns8i4a2pb9in18cl9nwdzwa-firefox-149.0' from 'https://cache.nixos.org'...
building '/nix/store/8zj20x8r04lx9308fcsl0fm409ikll07-via-3.0.0.drv'...
building '/nix/store/dmnynz6kyzma1d023fsym3ns8fn5d9xk-hwdb.bin.drv'...
building '/nix/store/izakb82kdbxmfai6vw9zs03rzphgilaa-udev-rules.drv'...
building '/nix/store/ybq37203lw6bg90cjv657gw0i0g4z8jc-X-Restart-Triggers-systemd-udevd.drv'...
building '/nix/store/m1m47snzv20mpjnmcyv85ml3zjl7zzqw-unit-systemd-udevd.service.drv'...
building '/nix/store/3hyw55p6nx86ydzxmc4hrzib39yc3465-firmware.drv'...
building '/nix/store/7v99zwmk83sykscm2y9p27jcq832ar2g-graphics-drivers-32bit.drv'...
building '/nix/store/bf0xn29sv55w1a110y4bgw3xsbh8fvds-graphics-drivers.drv'...
building '/nix/store/v2ls8lai1620cjrxbiivs4is6jf1v2cd-nvidia-persistenced-595.58.03.drv'...
building '/nix/store/h51hdn3vlh6x9l098vvny9lqb1cvgpp8-nvidia-settings-595.58.03.drv'...
building '/nix/store/0z6v4mdbl6l0rw6i8l32xkdxy1lm7drc-graphics-driver.conf.drv'...
building '/nix/store/382h1szzm07nh0gfk0nq22ijfjcgw4w7-tmpfiles.d.drv'...
building '/nix/store/5klm9ayyf1xiqn3f77bvsl7zkw83l8mq-etc-modprobe.d-firmware.conf.drv'...
building '/nix/store/j4dy3b4dayqzagi92a775920y7ww42lx-linux-6.18.20-modules-shrunk.drv'...
building '/nix/store/fi8b520c8kkc0lm8b3q5fgn77m7am7vy-X-Restart-Triggers-systemd-tmpfiles-resetup.drv'...
building '/nix/store/76yypkcm0ran4hmvgpv0m3n34mwflna8-unit-systemd-tmpfiles-resetup.service.drv'...
building '/nix/store/rm8kg3dqxlmr8sbyncwwdc29dvszbj8y-closure-info.drv'...
building '/nix/store/1f5j5nga9a4d7y25flffnrjgnjlzcsij-unit-nvidia-persistenced.service.drv'...
building '/nix/store/s1mw43fgbl346gpx1xd6rhnl1i06ad2j-initrd-linux-6.18.20.drv'...
building '/nix/store/s1bvpy2bay8mpyhlpr1iml722107l4ky-boot.json.drv'...
building '/nix/store/l7fz9xf75v8n7yyd1c7yycmfn53kvirr-system-path.drv'...
building '/nix/store/hxqfmq8rgzvjkjvv16fd7f39czxr14wh-X-Restart-Triggers-polkit.drv'...
building '/nix/store/5189kis5d0msnjah0w2kl6yc6b03cjlg-dbus-1.drv'...
building '/nix/store/f617ic85y7ic9ivwcl4i08wc8ah348q8-unit-polkit.service.drv'...
building '/nix/store/7jlvaansack130k7p9v24vgg1snbdc0b-X-Restart-Triggers-dbus.drv'...
building '/nix/store/dm442yx14rp2p686qc79gnhfnc6gq0zd-unit-dbus.service.drv'...
building '/nix/store/mdqc4i0zqa181105jrzilz82chz8yjjp-unit-dbus.service.drv'...
building '/nix/store/2xn5da7ll5j1k1macqab66abizv79mwz-user-units.drv'...
building '/nix/store/kqwmjzn6b9zrik2mqqyrpr8i018r9hhm-system-units.drv'...
building '/nix/store/s09km740nhs01gwlrjsma9wf80bkf6ch-etc.drv'...
building '/nix/store/zw9zgn70xlkrfayxb5jg52czx9vj15x0-activate.drv'...
building '/nix/store/3c7rvvgwddnfvyj83hxp2nlpbwinw4sy-nixos-system-nixos-26.05.20260401.6201e20.drv'...
Done. The new configuration is /nix/store/p9m4pr9dln9rf5hc25vw183m15rig5ba-nixos-system-nixos-26.05.20260401.6201e20
